<?xml version="1.0" encoding="UTF-8"?>
<!-- Generated by org.testng.reporters.JUnitReportReporter -->
<testsuite hostname="odhoju" name="com.vit.testcases.TestSideBar" tests="17" failures="0" timestamp="8 Apr 2015 11:48:07 GMT" time="69.109" errors="1">
  <testcase name="clickResources" time="1.371" classname="com.vit.testcases.TestSideBar"/>
  <testcase name="clickHome" time="1.644" classname="com.vit.testcases.TestSideBar"/>
  <testcase name="clickRoleManagement" time="1.509" classname="com.vit.testcases.TestSideBar"/>
  <testcase name="clickTraining" time="5.656" classname="com.vit.testcases.TestSideBar"/>
  <testcase name="clickDownloads" time="1.482" classname="com.vit.testcases.TestSideBar"/>
  <testcase name="clickServiceType" time="1.560" classname="com.vit.testcases.TestSideBar"/>
  <testcase name="clickSystemAlerts" time="2.170" classname="com.vit.testcases.TestSideBar"/>
  <testcase name="clickAdminPages" time="1.224" classname="com.vit.testcases.TestSideBar"/>
  <testcase name="clickDiscussionBoard" time="2.509" classname="com.vit.testcases.TestSideBar"/>
  <testcase name="clickUserManagement" time="25.283" classname="com.vit.testcases.TestSideBar"/>
  <testcase name="clickSetting" time="1.869" classname="com.vit.testcases.TestSideBar"/>
  <testcase name="clickClientSurvey" time="0.884" classname="com.vit.testcases.TestSideBar">
    <error type="java.lang.AssertionError" message="expected [https://dev.tiermed.com/client_survey/] but found [https://dev.tiermed.com/projectsite/all_checkpoints/list_all_checkpoint.php]">
      <![CDATA[java.lang.AssertionError: expected [https://dev.tiermed.com/client_survey/] but found [https://dev.tiermed.com/projectsite/all_checkpoints/list_all_checkpoint.php]
	at org.testng.Assert.fail(Assert.java:94)
	at org.testng.Assert.failNotEquals(Assert.java:494)
	at org.testng.Assert.assertEquals(Assert.java:123)
	at org.testng.Assert.assertEquals(Assert.java:176)
	at org.testng.Assert.assertEquals(Assert.java:186)
	at com.vit.testcases.TestSideBar.clickClientSurvey(TestSideBar.java:88)
	at sun.reflect.NativeMethodAccessorImpl.invoke0(Native Method)
	at sun.reflect.NativeMethodAccessorImpl.invoke(NativeMethodAccessorImpl.java:62)
	at sun.reflect.DelegatingMethodAccessorImpl.invoke(DelegatingMethodAccessorImpl.java:43)
	at java.lang.reflect.Method.invoke(Method.java:483)
	at org.testng.internal.MethodInvocationHelper.invokeMethod(MethodInvocationHelper.java:84)
	at org.testng.internal.Invoker.invokeMethod(Invoker.java:714)
	at org.testng.internal.Invoker.invokeTestMethod(Invoker.java:901)
	at org.testng.internal.Invoker.invokeTestMethods(Invoker.java:1231)
	at org.testng.internal.TestMethodWorker.invokeTestMethods(TestMethodWorker.java:127)
	at org.testng.internal.TestMethodWorker.run(TestMethodWorker.java:111)
	at org.testng.TestRunner.privateRun(TestRunner.java:767)
	at org.testng.TestRunner.run(TestRunner.java:617)
	at org.testng.SuiteRunner.runTest(SuiteRunner.java:334)
	at org.testng.SuiteRunner.runSequentially(SuiteRunner.java:329)
	at org.testng.SuiteRunner.privateRun(SuiteRunner.java:291)
	at org.testng.SuiteRunner.run(SuiteRunner.java:240)
	at org.testng.SuiteRunnerWorker.runSuite(SuiteRunnerWorker.java:52)
	at org.testng.SuiteRunnerWorker.run(SuiteRunnerWorker.java:86)
	at org.testng.TestNG.runSuitesSequentially(TestNG.java:1224)
	at org.testng.TestNG.runSuitesLocally(TestNG.java:1149)
	at org.testng.TestNG.run(TestNG.java:1057)
	at org.testng.remote.RemoteTestNG.run(RemoteTestNG.java:111)
	at org.testng.remote.RemoteTestNG.initAndRun(RemoteTestNG.java:204)
	at org.testng.remote.RemoteTestNG.main(RemoteTestNG.java:175)
]]>
    </error>
  </testcase> <!-- clickClientSurvey -->
  <testcase name="clickProjects" time="9.468" classname="com.vit.testcases.TestSideBar"/>
  <testcase name="clickAddTestimonials" time="1.463" classname="com.vit.testcases.TestSideBar"/>
  <testcase name="clickCheckpoints" time="1.723" classname="com.vit.testcases.TestSideBar"/>
  <testcase name="clickClients" time="4.078" classname="com.vit.testcases.TestSideBar"/>
  <testcase name="clickReports" time="5.216" classname="com.vit.testcases.TestSideBar"/>
</testsuite> <!-- com.vit.testcases.TestSideBar -->
